<?xml version="1.0" encoding="UTF-8"?>
<!-- Generated by org.testng.reporters.JUnitXMLReporter -->
<testsuite ignored="32" hostname="DESKTOP-BC1IF9F" failures="0" tests="1" name="FireFoxTestCase" time="9.794" errors="0" timestamp="2021-09-21T09:49:26 PKT">
  <testcase classname="AutomationFrameWork.TestCases.SubscriptionTestCases.SubscriptionRegressionTestCases" name="TC46_Test" time="2.49"/>
  <testcase classname="AutomationFrameWork.TestCases.SubscriptionTestCases.SubscriptionRegressionTestCases" name="TC31" time="0.0">
    <ignored/>
  </testcase> <!-- TC31 -->
  <testcase classname="AutomationFrameWork.TestCases.SubscriptionTestCases.SubscriptionRegressionTestCases" name="TC33" time="0.0">
    <ignored/>
  </testcase> <!-- TC33 -->
  <testcase classname="AutomationFrameWork.TestCases.SubscriptionTestCases.SubscriptionRegressionTestCases" name="TC30" time="0.0">
    <ignored/>
  </testcase> <!-- TC30 -->
  <testcase classname="AutomationFrameWork.TestCases.SubscriptionTestCases.SubscriptionRegressionTestCases" name="TC10" time="0.0">
    <ignored/>
  </testcase> <!-- TC10 -->
  <testcase classname="AutomationFrameWork.TestCases.SubscriptionTestCases.SubscriptionRegressionTestCases" name="TC32" time="0.0">
    <ignored/>
  </testcase> <!-- TC32 -->
  <testcase classname="AutomationFrameWork.TestCases.SubscriptionTestCases.SubscriptionRegressionTestCases" name="TC14" time="0.0">
    <ignored/>
  </testcase> <!-- TC14 -->
  <testcase classname="AutomationFrameWork.TestCases.SubscriptionTestCases.SubscriptionRegressionTestCases" name="TC36" time="0.0">
    <ignored/>
  </testcase> <!-- TC36 -->
  <testcase classname="AutomationFrameWork.TestCases.SubscriptionTestCases.SubscriptionRegressionTestCases" name="TC17" time="0.0">
    <ignored/>
  </testcase> <!-- TC17 -->
  <testcase classname="AutomationFrameWork.TestCases.SubscriptionTestCases.SubscriptionRegressionTestCases" name="TC39" time="0.0">
    <ignored/>
  </testcase> <!-- TC39 -->
  <testcase classname="AutomationFrameWork.TestCases.SubscriptionTestCases.SubscriptionRegressionTestCases" name="TC43Change_Password" time="0.0">
    <ignored/>
  </testcase> <!-- TC43Change_Password -->
  <testcase classname="AutomationFrameWork.TestCases.SubscriptionTestCases.SubscriptionRegressionTestCases" name="TC19" time="0.0">
    <ignored/>
  </testcase> <!-- TC19 -->
  <testcase classname="AutomationFrameWork.TestCases.SubscriptionTestCases.SubscriptionRegressionTestCases" name="TC38" time="0.0">
    <ignored/>
  </testcase> <!-- TC38 -->
  <testcase classname="AutomationFrameWork.TestCases.SubscriptionTestCases.SubscriptionRegressionTestCases" name="TC16" time="0.0">
    <ignored/>
  </testcase> <!-- TC16 -->
  <testcase classname="AutomationFrameWork.TestCases.SubscriptionTestCases.SubscriptionRegressionTestCases" name="TC35" time="0.0">
    <ignored/>
  </testcase> <!-- TC35 -->
  <testcase classname="AutomationFrameWork.TestCases.SubscriptionTestCases.SubscriptionRegressionTestCases" name="TC41_Verify_voucher_is_generating_with_PSID_Application_ID_Amount_Due_Date_and_Payment_Status" time="0.0">
    <ignored/>
  </testcase> <!-- TC41_Verify_voucher_is_generating_with_PSID_Application_ID_Amount_Due_Date_and_Payment_Status -->
  <testcase classname="AutomationFrameWork.TestCases.SubscriptionTestCases.SubscriptionRegressionTestCases" name="TC13" time="0.0">
    <ignored/>
  </testcase> <!-- TC13 -->
  <testcase classname="AutomationFrameWork.TestCases.SubscriptionTestCases.SubscriptionRegressionTestCases" name="TC44_PMD_Attemp_And_Expiry_APID_Check_With_ResumeApplicaiton" time="0.0">
    <ignored/>
  </testcase> <!-- TC44_PMD_Attemp_And_Expiry_APID_Check_With_ResumeApplicaiton -->
  <testcase classname="AutomationFrameWork.TestCases.SubscriptionTestCases.SubscriptionRegressionTestCases" name="TC18" time="0.0">
    <ignored/>
  </testcase> <!-- TC18 -->
  <testcase classname="AutomationFrameWork.TestCases.SubscriptionTestCases.SubscriptionRegressionTestCases" name="TC45_PMD_Attemp_And_Expiry_APID_Check" time="0.0">
    <ignored/>
  </testcase> <!-- TC45_PMD_Attemp_And_Expiry_APID_Check -->
  <testcase classname="AutomationFrameWork.TestCases.SubscriptionTestCases.SubscriptionRegressionTestCases" name="TC37" time="0.0">
    <ignored/>
  </testcase> <!-- TC37 -->
  <testcase classname="AutomationFrameWork.TestCases.SubscriptionTestCases.SubscriptionRegressionTestCases" name="TC15" time="0.0">
    <ignored/>
  </testcase> <!-- TC15 -->
  <testcase classname="AutomationFrameWork.TestCases.SubscriptionTestCases.SubscriptionRegressionTestCases" name="TC34" time="0.0">
    <ignored/>
  </testcase> <!-- TC34 -->
  <testcase classname="AutomationFrameWork.TestCases.SubscriptionTestCases.SubscriptionRegressionTestCases" name="TC20" time="0.0">
    <ignored/>
  </testcase> <!-- TC20 -->
  <testcase classname="AutomationFrameWork.TestCases.SubscriptionTestCases.SubscriptionRegressionTestCases" name="TC22" time="0.0">
    <ignored/>
  </testcase> <!-- TC22 -->
  <testcase classname="AutomationFrameWork.TestCases.SubscriptionTestCases.SubscriptionRegressionTestCases" name="TC21" time="0.0">
    <ignored/>
  </testcase> <!-- TC21 -->
  <testcase classname="AutomationFrameWork.TestCases.SubscriptionTestCases.SubscriptionRegressionTestCases" name="TC40" time="0.0">
    <ignored/>
  </testcase> <!-- TC40 -->
  <testcase classname="AutomationFrameWork.TestCases.SubscriptionTestCases.SubscriptionRegressionTestCases" name="TC25" time="0.0">
    <ignored/>
  </testcase> <!-- TC25 -->
  <testcase classname="AutomationFrameWork.TestCases.SubscriptionTestCases.SubscriptionRegressionTestCases" name="TC28" time="0.0">
    <ignored/>
  </testcase> <!-- TC28 -->
  <testcase classname="AutomationFrameWork.TestCases.SubscriptionTestCases.SubscriptionRegressionTestCases" name="TC27" time="0.0">
    <ignored/>
  </testcase> <!-- TC27 -->
  <testcase classname="AutomationFrameWork.TestCases.SubscriptionTestCases.SubscriptionRegressionTestCases" name="TC24" time="0.0">
    <ignored/>
  </testcase> <!-- TC24 -->
  <testcase classname="AutomationFrameWork.TestCases.SubscriptionTestCases.SubscriptionRegressionTestCases" name="TC29" time="0.0">
    <ignored/>
  </testcase> <!-- TC29 -->
  <testcase classname="AutomationFrameWork.TestCases.SubscriptionTestCases.SubscriptionRegressionTestCases" name="TC26" time="0.0">
    <ignored/>
  </testcase> <!-- TC26 -->
</testsuite> <!-- FireFoxTestCase -->
